<?xml version="1.0" encoding="UTF-8"?>
 <beans xmlns="http://www.springframework.org/schema/beans"
    xmlns:xsi="http://www.w3.org/2001/XMLSchema-instance"
    xmlns:p="http://www.springframework.org/schema/p"
    xmlns:context="http://www.springframework.org/schema/context"
     xmlns:mvc="http://www.springframework.org/schema/mvc"

xsi:schemaLocation="
    http://www.springframework.org/schema/beans 
    http://www.springframework.org/schema/beans/spring-beans.xsd
    http://www.springframework.org/schema/context 
    http://www.springframework.org/schema/context/spring-context.xsd
 http://www.springframework.org/schema/mvc http://www.springframework.org/schema/mvc/spring-mvc.xsd"
 
 >

   <context:component-scan base-package="controllers"/>
      <mvc:annotation-driven />

<bean id="viewResolver"
    class="org.springframework.web.servlet.view.UrlBasedViewResolver">
    <property name="viewClass"
        value="org.springframework.web.servlet.view.JstlView" />
    <property name="prefix" value="/WEB-INF/jsp/" />
    <property name="suffix" value=".jsp" />
</bean>


<bean id="multipartResolver"
        class="org.springframework.web.multipart.commons.CommonsMultipartResolver">
        <!-- max upload size in bytes -->
<property name="maxUploadSize" value="20971520" />
</bean>      

<!-- spring i18n -->
<bean id="messageSource"
    class="org.springframework.context.support.ResourceBundleMessageSource">
    <property name="basename" value="resources/i18n/messages" />
    <property name="defaultEncoding" value="UTF-8" />
</bean>

<mvc:interceptors>
    <mvc:interceptor>
        <mvc:mapping path="/**" />
        <bean id="localeChangeInterceptor"
            class="org.springframework.web.servlet.i18n.LocaleChangeInterceptor">
            <property name="paramName" value="lang" />
        </bean>
    </mvc:interceptor>
</mvc:interceptors>

<bean id="localeResolver"
    class="org.springframework.web.servlet.i18n.CookieLocaleResolver">
    <property name="cookieName" value="lang" />
    <property name="defaultLocale" value="fr" />
</bean>


<!-- spring i18n / END -->        
<bean id="validator" class="org.springframework.validation.beanvalidation.LocalValidatorFactoryBean">
   <property name="validationMessageSource" ref="messageSource" /> 
</bean>

</beans>